<?xml version="1.0" encoding="UTF-8"?>
<testng-results skipped="0" failed="0" ignored="0" total="1" passed="1">
  <reporter-output>
  </reporter-output>
  <suite name="Suite" duration-ms="65" started-at="2018-04-08T08:55:03Z" finished-at="2018-04-08T08:55:04Z">
    <groups>
    </groups>
    <test name="Test" duration-ms="65" started-at="2018-04-08T08:55:03Z" finished-at="2018-04-08T08:55:04Z">
      <class name="vTigerIntegration.Login">
        <test-method status="PASS" signature="validlogin()[pri:0, instance:vTigerIntegration.Login@c4c815]" name="validlogin" duration-ms="22" started-at="2018-04-08T14:25:03Z" finished-at="2018-04-08T14:25:03Z">
          <reporter-output>
          </reporter-output>
        </test-method> <!-- validlogin -->
      </class> <!-- vTigerIntegration.Login -->
    </test> <!-- Test -->
  </suite> <!-- Suite -->
</testng-results>
